<?xml version="1.0" encoding="UTF-8"?>
<!-- Generated by org.testng.reporters.JUnitXMLReporter -->
<testsuite hostname="LAPTOP-EKCAP48F" name="Test" tests="1" failures="1" timestamp="15 Nov 2017 07:27:46 GMT" time="6.589" errors="0">
  <testcase name="test" time="6.544" classname="com.jayanthi.automation.scripts.AmazonTest">
    <failure type="java.lang.IllegalArgumentException" message="Cannot find elements when the XPath expression is null.">
      <![CDATA[java.lang.IllegalArgumentException: Cannot find elements when the XPath expression is null.
	at org.openqa.selenium.By.xpath(By.java:113)
	at com.jayanthi.automation.scripts.AmazonTest.test(AmazonTest.java:28)
... Removed 24 stack frames]]>
    </failure>
  </testcase> <!-- test -->
</testsuite> <!-- Test -->
