<?xml version="1.0" encoding="UTF-8"?>
<testng-results skipped="0" failed="0" total="1" passed="1">
  <reporter-output>
  </reporter-output>
  <suite name="Default suite" duration-ms="9386" started-at="2018-01-13T16:44:11Z" finished-at="2018-01-13T16:44:21Z">
    <groups>
    </groups>
    <test name="Default test" duration-ms="9386" started-at="2018-01-13T16:44:11Z" finished-at="2018-01-13T16:44:21Z">
      <class name="com.jayanthi.automation.scripts.Gmail">
        <test-method status="PASS" signature="OpenBrowser(java.lang.String)[pri:0, instance:com.jayanthi.automation.scripts.Gmail@3c0ecd4b]" name="OpenBrowser" is-config="true" duration-ms="11176" started-at="2018-01-13T22:14:00Z" finished-at="2018-01-13T22:14:11Z">
          <params>
            <param index="0">
              <value>
                <![CDATA[firefox]]>
              </value>
            </param>
          </params>
          <reporter-output>
          </reporter-output>
        </test-method> <!-- OpenBrowser -->
        <test-method status="PASS" signature="beforeMethod(java.lang.reflect.Method)[pri:0, instance:com.jayanthi.automation.scripts.Gmail@3c0ecd4b]" name="beforeMethod" is-config="true" duration-ms="7" started-at="2018-01-13T22:14:11Z" finished-at="2018-01-13T22:14:11Z">
          <params>
            <param index="0">
              <value>
                <![CDATA[public void com.jayanthi.automation.scripts.Gmail.login() throws java.io.IOException,org.apache.poi.EncryptedDocumentException,org.apache.poi.openxml4j.exceptions.InvalidFormatException]]>
              </value>
            </param>
          </params>
          <reporter-output>
          </reporter-output>
        </test-method> <!-- beforeMethod -->
        <test-method status="PASS" signature="login()[pri:0, instance:com.jayanthi.automation.scripts.Gmail@3c0ecd4b]" name="login" duration-ms="8509" started-at="2018-01-13T22:14:11Z" finished-at="2018-01-13T22:14:20Z">
          <reporter-output>
          </reporter-output>
        </test-method> <!-- login -->
        <test-method status="PASS" signature="afterMethod(org.testng.ITestResult)[pri:0, instance:com.jayanthi.automation.scripts.Gmail@3c0ecd4b]" name="afterMethod" is-config="true" duration-ms="835" started-at="2018-01-13T22:14:20Z" finished-at="2018-01-13T22:14:21Z">
          <params>
            <param index="0">
              <value>
                <![CDATA[[TestResult name=login status=SUCCESS method=Gmail.login()[pri:0, instance:com.jayanthi.automation.scripts.Gmail@3c0ecd4b] output={null}]]]>
              </value>
            </param>
          </params>
          <reporter-output>
          </reporter-output>
        </test-method> <!-- afterMethod -->
        <test-method status="PASS" signature="closeBrowser()[pri:0, instance:com.jayanthi.automation.scripts.Gmail@3c0ecd4b]" name="closeBrowser" is-config="true" duration-ms="7368" started-at="2018-01-13T22:14:21Z" finished-at="2018-01-13T22:14:28Z">
          <reporter-output>
          </reporter-output>
        </test-method> <!-- closeBrowser -->
      </class> <!-- com.jayanthi.automation.scripts.Gmail -->
    </test> <!-- Default test -->
  </suite> <!-- Default suite -->
</testng-results>
